TN:
SF:libs\crossword.ts
FN:9,(anonymous_0)
FN:13,(anonymous_1)
FN:15,(anonymous_2)
FN:26,(anonymous_3)
FN:42,(anonymous_4)
FN:70,(anonymous_5)
FN:96,(anonymous_6)
FN:101,(anonymous_7)
FN:105,(anonymous_8)
FNF:9
FNH:5
FNDA:3,(anonymous_0)
FNDA:45,(anonymous_1)
FNDA:0,(anonymous_2)
FNDA:4,(anonymous_3)
FNDA:7,(anonymous_4)
FNDA:2,(anonymous_5)
FNDA:0,(anonymous_6)
FNDA:0,(anonymous_7)
FNDA:0,(anonymous_8)
DA:10,3
DA:11,3
DA:12,3
DA:13,45
DA:17,0
DA:18,0
DA:21,0
DA:22,0
DA:24,0
DA:27,4
DA:28,3
DA:29,15
DA:31,3
DA:33,1
DA:34,0
DA:35,0
DA:37,0
DA:39,1
DA:43,7
DA:44,2
DA:45,2
DA:48,5
DA:49,20
DA:50,20
DA:51,20
DA:53,20
DA:54,0
DA:56,0
DA:60,20
DA:61,1
DA:62,1
DA:67,4
DA:71,2
DA:72,1
DA:73,1
DA:76,1
DA:77,2
DA:78,2
DA:79,2
DA:80,2
DA:81,1
DA:83,1
DA:86,1
DA:87,0
DA:89,0
DA:93,0
DA:97,0
DA:106,0
DA:107,0
DA:108,0
DA:114,1
LF:51
LH:34
BRDA:17,0,0,0
BRDA:17,1,0,0
BRDA:17,1,1,0
BRDA:18,2,0,0
BRDA:18,3,0,0
BRDA:18,3,1,0
BRDA:21,4,0,0
BRDA:21,5,0,0
BRDA:21,5,1,0
BRDA:22,6,0,0
BRDA:22,7,0,0
BRDA:22,7,1,0
BRDA:27,8,0,3
BRDA:33,9,0,0
BRDA:43,10,0,2
BRDA:53,11,0,0
BRDA:53,12,0,20
BRDA:53,12,1,20
BRDA:60,13,0,1
BRDA:60,14,0,20
BRDA:60,14,1,1
BRDA:71,15,0,1
BRDA:80,16,0,1
BRDA:80,17,0,2
BRDA:80,17,1,1
BRDA:86,18,0,0
BRDA:86,19,0,1
BRDA:86,19,1,0
BRF:28
BRH:12
end_of_record
